<?xml version="1.0" encoding="UTF-8"?>
<testsuite xmlns:xsi="http://www.w3.org/2001/XMLSchema-instance" xsi:noNamespaceSchemaLocation="https://maven.apache.org/surefire/maven-surefire-plugin/xsd/surefire-test-report-3.0.xsd" version="3.0" name="com.example.springemailexample.SpringEmailExampleApplicationTests" time="12.647" tests="1" errors="0" skipped="0" failures="0">
  <properties>
[...]
</properties>
  <testcase name="contextLoads" classname="com.example.springemailexample.SpringEmailExampleApplicationTests" time="1.284">
    <system-out><![CDATA[00:34:45.373 [main] INFO org.springframework.test.context.support.AnnotationConfigContextLoaderUtils -- Could not detect default configuration classes for test class [com.example.springemailexample.SpringEmailExampleApplicationTests]: SpringEmailExampleApplicationTests does not declare any static, non-private, non-final, nested classes annotated with @Configuration.
00:34:45.630 [main] INFO org.springframework.boot.test.context.SpringBootTestContextBootstrapper -- Found @SpringBootConfiguration com.example.springemailexample.SpringEmailExampleApplication for test class com.example.springemailexample.SpringEmailExampleApplicationTests

  .   ____          _            __ _ _
 /\\ / ___'_ __ _ _(_)_ __  __ _ \ \ \ \
( ( )\___ | '_ | '_| | '_ \/ _` | \ \ \ \
 \\/  ___)| |_)| | | | | || (_| |  ) ) ) )
  '  |____| .__|_| |_|_| |_\__, | / / / /
 =========|_|==============|___/=/_/_/_/
 :: Spring Boot ::                (v3.1.2)

2024-12-11T00:34:46.381+05:30  INFO 15868 --- [           main] c.e.s.SpringEmailExampleApplicationTests : Starting SpringEmailExampleApplicationTests using Java 19.0.2 with PID 15868 (started by himmi in D:\myProj\client-email\spring-email-example)
2024-12-11T00:34:46.384+05:30  INFO 15868 --- [           main] c.e.s.SpringEmailExampleApplicationTests : No active profile set, falling back to 1 default profile: "default"
2024-12-11T00:34:47.601+05:30  INFO 15868 --- [           main] .s.d.r.c.RepositoryConfigurationDelegate : Bootstrapping Spring Data JPA repositories in DEFAULT mode.
2024-12-11T00:34:47.762+05:30  INFO 15868 --- [           main] .s.d.r.c.RepositoryConfigurationDelegate : Finished Spring Data repository scanning in 146 ms. Found 2 JPA repository interfaces.
2024-12-11T00:34:49.252+05:30  INFO 15868 --- [           main] o.hibernate.jpa.internal.util.LogHelper  : HHH000204: Processing PersistenceUnitInfo [name: default]
2024-12-11T00:34:49.392+05:30  INFO 15868 --- [           main] org.hibernate.Version                    : HHH000412: Hibernate ORM core version 6.2.6.Final
2024-12-11T00:34:49.399+05:30  INFO 15868 --- [           main] org.hibernate.cfg.Environment            : HHH000406: Using bytecode reflection optimizer
2024-12-11T00:34:49.787+05:30  INFO 15868 --- [           main] o.h.b.i.BytecodeProviderInitiator        : HHH000021: Bytecode provider name : bytebuddy
2024-12-11T00:34:50.026+05:30  INFO 15868 --- [           main] o.s.o.j.p.SpringPersistenceUnitInfo      : No LoadTimeWeaver setup: ignoring JPA class transformer
2024-12-11T00:34:50.059+05:30  INFO 15868 --- [           main] com.zaxxer.hikari.HikariDataSource       : HikariPool-1 - Starting...
2024-12-11T00:34:50.713+05:30  INFO 15868 --- [           main] com.zaxxer.hikari.pool.HikariPool        : HikariPool-1 - Added connection com.mysql.cj.jdbc.ConnectionImpl@2905b568
2024-12-11T00:34:50.716+05:30  INFO 15868 --- [           main] com.zaxxer.hikari.HikariDataSource       : HikariPool-1 - Start completed.
2024-12-11T00:34:51.663+05:30  INFO 15868 --- [           main] o.h.b.i.BytecodeProviderInitiator        : HHH000021: Bytecode provider name : bytebuddy
2024-12-11T00:34:52.813+05:30  INFO 15868 --- [           main] o.h.e.t.j.p.i.JtaPlatformInitiator       : HHH000490: Using JtaPlatform implementation: [org.hibernate.engine.transaction.jta.platform.internal.NoJtaPlatform]
2024-12-11T00:34:52.897+05:30  INFO 15868 --- [           main] j.LocalContainerEntityManagerFactoryBean : Initialized JPA EntityManagerFactory for persistence unit 'default'
2024-12-11T00:34:53.655+05:30  WARN 15868 --- [           main] JpaBaseConfiguration$JpaWebConfiguration : spring.jpa.open-in-view is enabled by default. Therefore, database queries may be performed during view rendering. Explicitly configure spring.jpa.open-in-view to disable this warning
2024-12-11T00:34:54.124+05:30  INFO 15868 --- [           main] o.s.s.web.DefaultSecurityFilterChain     : Will secure any request with [org.springframework.security.web.session.DisableEncodeUrlFilter@22ba30b0, org.springframework.security.web.context.request.async.WebAsyncManagerIntegrationFilter@22bca04e, org.springframework.security.web.context.SecurityContextHolderFilter@66df362c, org.springframework.security.web.header.HeaderWriterFilter@99f75e4, org.springframework.security.web.authentication.logout.LogoutFilter@6cd65042, com.example.springemailexample.config.JwtAuthenticationFilter@4154ecd3, org.springframework.security.web.savedrequest.RequestCacheAwareFilter@3458be63, org.springframework.security.web.servletapi.SecurityContextHolderAwareRequestFilter@62c1259f, org.springframework.security.web.authentication.AnonymousAuthenticationFilter@20608ef4, org.springframework.security.web.session.SessionManagementFilter@3398ed12, org.springframework.security.web.access.ExceptionTranslationFilter@118c1faa, org.springframework.security.web.access.intercept.AuthorizationFilter@3a574a3b]
2024-12-11T00:34:55.190+05:30  INFO 15868 --- [           main] o.a.k.clients.admin.AdminClientConfig    : AdminClientConfig values: 
	auto.include.jmx.reporter = true
	bootstrap.servers = [localhost:9092]
	client.dns.lookup = use_all_dns_ips
	client.id = 
	connections.max.idle.ms = 300000
	default.api.timeout.ms = 60000
	metadata.max.age.ms = 300000
	metric.reporters = []
	metrics.num.samples = 2
	metrics.recording.level = INFO
	metrics.sample.window.ms = 30000
	receive.buffer.bytes = 65536
	reconnect.backoff.max.ms = 1000
	reconnect.backoff.ms = 50
	request.timeout.ms = 30000
	retries = 2147483647
	retry.backoff.ms = 100
	sasl.client.callback.handler.class = null
	sasl.jaas.config = null
	sasl.kerberos.kinit.cmd = /usr/bin/kinit
	sasl.kerberos.min.time.before.relogin = 60000
	sasl.kerberos.service.name = null
	sasl.kerberos.ticket.renew.jitter = 0.05
	sasl.kerberos.ticket.renew.window.factor = 0.8
	sasl.login.callback.handler.class = null
	sasl.login.class = null
	sasl.login.connect.timeout.ms = null
	sasl.login.read.timeout.ms = null
	sasl.login.refresh.buffer.seconds = 300
	sasl.login.refresh.min.period.seconds = 60
	sasl.login.refresh.window.factor = 0.8
	sasl.login.refresh.window.jitter = 0.05
	sasl.login.retry.backoff.max.ms = 10000
	sasl.login.retry.backoff.ms = 100
	sasl.mechanism = GSSAPI
	sasl.oauthbearer.clock.skew.seconds = 30
	sasl.oauthbearer.expected.audience = null
	sasl.oauthbearer.expected.issuer = null
	sasl.oauthbearer.jwks.endpoint.refresh.ms = 3600000
	sasl.oauthbearer.jwks.endpoint.retry.backoff.max.ms = 10000
	sasl.oauthbearer.jwks.endpoint.retry.backoff.ms = 100
	sasl.oauthbearer.jwks.endpoint.url = null
	sasl.oauthbearer.scope.claim.name = scope
	sasl.oauthbearer.sub.claim.name = sub
	sasl.oauthbearer.token.endpoint.url = null
	security.protocol = PLAINTEXT
	security.providers = null
	send.buffer.bytes = 131072
	socket.connection.setup.timeout.max.ms = 30000
	socket.connection.setup.timeout.ms = 10000
	ssl.cipher.suites = null
	ssl.enabled.protocols = [TLSv1.2, TLSv1.3]
	ssl.endpoint.identification.algorithm = https
	ssl.engine.factory.class = null
	ssl.key.password = null
	ssl.keymanager.algorithm = SunX509
	ssl.keystore.certificate.chain = null
	ssl.keystore.key = null
	ssl.keystore.location = null
	ssl.keystore.password = null
	ssl.keystore.type = JKS
	ssl.protocol = TLSv1.3
	ssl.provider = null
	ssl.secure.random.implementation = null
	ssl.trustmanager.algorithm = PKIX
	ssl.truststore.certificates = null
	ssl.truststore.location = null
	ssl.truststore.password = null
	ssl.truststore.type = JKS

2024-12-11T00:34:55.502+05:30  INFO 15868 --- [           main] o.a.kafka.common.utils.AppInfoParser     : Kafka version: 3.4.1
2024-12-11T00:34:55.503+05:30  INFO 15868 --- [           main] o.a.kafka.common.utils.AppInfoParser     : Kafka commitId: 8a516edc2755df89
2024-12-11T00:34:55.503+05:30  INFO 15868 --- [           main] o.a.kafka.common.utils.AppInfoParser     : Kafka startTimeMs: 1733857495476
2024-12-11T00:34:56.055+05:30  INFO 15868 --- [| adminclient-1] o.a.kafka.common.utils.AppInfoParser     : App info kafka.admin.client for adminclient-1 unregistered
2024-12-11T00:34:56.066+05:30  INFO 15868 --- [| adminclient-1] o.apache.kafka.common.metrics.Metrics    : Metrics scheduler closed
2024-12-11T00:34:56.066+05:30  INFO 15868 --- [| adminclient-1] o.apache.kafka.common.metrics.Metrics    : Closing reporter org.apache.kafka.common.metrics.JmxReporter
2024-12-11T00:34:56.067+05:30  INFO 15868 --- [| adminclient-1] o.apache.kafka.common.metrics.Metrics    : Metrics reporters closed
2024-12-11T00:34:56.187+05:30  INFO 15868 --- [           main] o.a.k.clients.consumer.ConsumerConfig    : ConsumerConfig values: 
	allow.auto.create.topics = true
	auto.commit.interval.ms = 5000
	auto.include.jmx.reporter = true
	auto.offset.reset = latest
	bootstrap.servers = [localhost:9092]
	check.crcs = true
	client.dns.lookup = use_all_dns_ips
	client.id = consumer-vehicles_group-1
	client.rack = 
	connections.max.idle.ms = 540000
	default.api.timeout.ms = 60000
	enable.auto.commit = false
	exclude.internal.topics = true
	fetch.max.bytes = 52428800
	fetch.max.wait.ms = 500
	fetch.min.bytes = 1
	group.id = vehicles_group
	group.instance.id = null
	heartbeat.interval.ms = 3000
	interceptor.classes = []
	internal.leave.group.on.close = true
	internal.throw.on.fetch.stable.offset.unsupported = false
	isolation.level = read_uncommitted
	key.deserializer = class org.apache.kafka.common.serialization.StringDeserializer
	max.partition.fetch.bytes = 1048576
	max.poll.interval.ms = 300000
	max.poll.records = 500
	metadata.max.age.ms = 300000
	metric.reporters = []
	metrics.num.samples = 2
	metrics.recording.level = INFO
	metrics.sample.window.ms = 30000
	partition.assignment.strategy = [class org.apache.kafka.clients.consumer.RangeAssignor, class org.apache.kafka.clients.consumer.CooperativeStickyAssignor]
	receive.buffer.bytes = 65536
	reconnect.backoff.max.ms = 1000
	reconnect.backoff.ms = 50
	request.timeout.ms = 30000
	retry.backoff.ms = 100
	sasl.client.callback.handler.class = null
	sasl.jaas.config = null
	sasl.kerberos.kinit.cmd = /usr/bin/kinit
	sasl.kerberos.min.time.before.relogin = 60000
	sasl.kerberos.service.name = null
	sasl.kerberos.ticket.renew.jitter = 0.05
	sasl.kerberos.ticket.renew.window.factor = 0.8
	sasl.login.callback.handler.class = null
	sasl.login.class = null
	sasl.login.connect.timeout.ms = null
	sasl.login.read.timeout.ms = null
	sasl.login.refresh.buffer.seconds = 300
	sasl.login.refresh.min.period.seconds = 60
	sasl.login.refresh.window.factor = 0.8
	sasl.login.refresh.window.jitter = 0.05
	sasl.login.retry.backoff.max.ms = 10000
	sasl.login.retry.backoff.ms = 100
	sasl.mechanism = GSSAPI
	sasl.oauthbearer.clock.skew.seconds = 30
	sasl.oauthbearer.expected.audience = null
	sasl.oauthbearer.expected.issuer = null
	sasl.oauthbearer.jwks.endpoint.refresh.ms = 3600000
	sasl.oauthbearer.jwks.endpoint.retry.backoff.max.ms = 10000
	sasl.oauthbearer.jwks.endpoint.retry.backoff.ms = 100
	sasl.oauthbearer.jwks.endpoint.url = null
	sasl.oauthbearer.scope.claim.name = scope
	sasl.oauthbearer.sub.claim.name = sub
	sasl.oauthbearer.token.endpoint.url = null
	security.protocol = PLAINTEXT
	security.providers = null
	send.buffer.bytes = 131072
	session.timeout.ms = 45000
	socket.connection.setup.timeout.max.ms = 30000
	socket.connection.setup.timeout.ms = 10000
	ssl.cipher.suites = null
	ssl.enabled.protocols = [TLSv1.2, TLSv1.3]
	ssl.endpoint.identification.algorithm = https
	ssl.engine.factory.class = null
	ssl.key.password = null
	ssl.keymanager.algorithm = SunX509
	ssl.keystore.certificate.chain = null
	ssl.keystore.key = null
	ssl.keystore.location = null
	ssl.keystore.password = null
	ssl.keystore.type = JKS
	ssl.protocol = TLSv1.3
	ssl.provider = null
	ssl.secure.random.implementation = null
	ssl.trustmanager.algorithm = PKIX
	ssl.truststore.certificates = null
	ssl.truststore.location = null
	ssl.truststore.password = null
	ssl.truststore.type = JKS
	value.deserializer = class org.apache.kafka.common.serialization.StringDeserializer

2024-12-11T00:34:56.297+05:30  INFO 15868 --- [           main] o.a.kafka.common.utils.AppInfoParser     : Kafka version: 3.4.1
2024-12-11T00:34:56.297+05:30  INFO 15868 --- [           main] o.a.kafka.common.utils.AppInfoParser     : Kafka commitId: 8a516edc2755df89
2024-12-11T00:34:56.297+05:30  INFO 15868 --- [           main] o.a.kafka.common.utils.AppInfoParser     : Kafka startTimeMs: 1733857496297
2024-12-11T00:34:56.300+05:30  INFO 15868 --- [           main] o.a.k.clients.consumer.KafkaConsumer     : [Consumer clientId=consumer-vehicles_group-1, groupId=vehicles_group] Subscribed to topic(s): customer_arrived_topic
2024-12-11T00:34:56.342+05:30  INFO 15868 --- [           main] c.e.s.SpringEmailExampleApplicationTests : Started SpringEmailExampleApplicationTests in 10.426 seconds (process running for 12.367)
2024-12-11T00:34:56.367+05:30  INFO 15868 --- [ntainer#0-0-C-1] org.apache.kafka.clients.Metadata        : [Consumer clientId=consumer-vehicles_group-1, groupId=vehicles_group] Resetting the last seen epoch of partition customer_arrived_topic-0 to 0 since the associated topicId changed from null to RHYBI3Y4Trm4ZJ0U52d45g
2024-12-11T00:34:56.370+05:30  INFO 15868 --- [ntainer#0-0-C-1] org.apache.kafka.clients.Metadata        : [Consumer clientId=consumer-vehicles_group-1, groupId=vehicles_group] Cluster ID: IuLBQXCtQVu5oXjMAgwAlQ
2024-12-11T00:34:56.374+05:30  INFO 15868 --- [ntainer#0-0-C-1] o.a.k.c.c.internals.ConsumerCoordinator  : [Consumer clientId=consumer-vehicles_group-1, groupId=vehicles_group] Discovered group coordinator 192.168.1.39:9092 (id: 2147483647 rack: null)
2024-12-11T00:34:56.378+05:30  INFO 15868 --- [ntainer#0-0-C-1] o.a.k.c.c.internals.ConsumerCoordinator  : [Consumer clientId=consumer-vehicles_group-1, groupId=vehicles_group] (Re-)joining group
2024-12-11T00:34:56.433+05:30  INFO 15868 --- [ntainer#0-0-C-1] o.a.k.c.c.internals.ConsumerCoordinator  : [Consumer clientId=consumer-vehicles_group-1, groupId=vehicles_group] Request joining group due to: need to re-join with the given member-id: consumer-vehicles_group-1-d97ce317-1005-4b8a-8f81-cac54e4aecaf
2024-12-11T00:34:56.434+05:30  INFO 15868 --- [ntainer#0-0-C-1] o.a.k.c.c.internals.ConsumerCoordinator  : [Consumer clientId=consumer-vehicles_group-1, groupId=vehicles_group] Request joining group due to: rebalance failed due to 'The group member needs to have a valid member id before actually entering a consumer group.' (MemberIdRequiredException)
2024-12-11T00:34:56.435+05:30  INFO 15868 --- [ntainer#0-0-C-1] o.a.k.c.c.internals.ConsumerCoordinator  : [Consumer clientId=consumer-vehicles_group-1, groupId=vehicles_group] (Re-)joining group
2024-12-11T00:34:57.574+05:30  INFO 15868 --- [ntainer#0-0-C-1] o.a.k.c.c.internals.ConsumerCoordinator  : [Consumer clientId=consumer-vehicles_group-1, groupId=vehicles_group] Successfully joined group with generation Generation{generationId=6, memberId='consumer-vehicles_group-1-d97ce317-1005-4b8a-8f81-cac54e4aecaf', protocol='range'}
2024-12-11T00:34:57.582+05:30  INFO 15868 --- [ntainer#0-0-C-1] o.a.k.c.c.internals.ConsumerCoordinator  : [Consumer clientId=consumer-vehicles_group-1, groupId=vehicles_group] Successfully synced group in generation Generation{generationId=6, memberId='consumer-vehicles_group-1-d97ce317-1005-4b8a-8f81-cac54e4aecaf', protocol='range'}
2024-12-11T00:34:57.588+05:30  INFO 15868 --- [ntainer#0-0-C-1] o.a.k.c.c.internals.ConsumerCoordinator  : [Consumer clientId=consumer-vehicles_group-1, groupId=vehicles_group] Notifying assignor about the new Assignment(partitions=[])
2024-12-11T00:34:57.589+05:30  INFO 15868 --- [ntainer#0-0-C-1] o.a.k.c.c.internals.ConsumerCoordinator  : [Consumer clientId=consumer-vehicles_group-1, groupId=vehicles_group] Adding newly assigned partitions: 
2024-12-11T00:34:57.591+05:30  INFO 15868 --- [ntainer#0-0-C-1] o.s.k.l.KafkaMessageListenerContainer    : vehicles_group: partitions assigned: []
]]></system-out>
  </testcase>
</testsuite>